-------------------------------------------------------------------------------
Test set: exchange.core2.core.FixEngineTest
-------------------------------------------------------------------------------
Tests run: 5, Failures: 0, Errors: 5, Skipped: 0, Time elapsed: 0.001 s <<< FAILURE! - in exchange.core2.core.FixEngineTest
testMarketDataRequest  Time elapsed: 0 s  <<< ERROR!
java.lang.IndexOutOfBoundsException: Index: 0, Size: 0
	at exchange.core2.core.FixEngineTest.runFixClientTest(FixEngineTest.java:62)
	at exchange.core2.core.FixEngineTest.testMarketDataRequest(FixEngineTest.java:31)

testOrderCancelRequest  Time elapsed: 0 s  <<< ERROR!
java.lang.IndexOutOfBoundsException: Index: 0, Size: 0
	at exchange.core2.core.FixEngineTest.runFixClientTest(FixEngineTest.java:62)
	at exchange.core2.core.FixEngineTest.testOrderCancelRequest(FixEngineTest.java:26)

testRequestForQuote  Time elapsed: 0 s  <<< ERROR!
java.lang.IndexOutOfBoundsException: Index: 0, Size: 0
	at exchange.core2.core.FixEngineTest.runFixClientTest(FixEngineTest.java:62)
	at exchange.core2.core.FixEngineTest.testRequestForQuote(FixEngineTest.java:36)

testNewOrderSell  Time elapsed: 0.001 s  <<< ERROR!
java.lang.IndexOutOfBoundsException: Index: 0, Size: 0
	at exchange.core2.core.FixEngineTest.runFixClientTest(FixEngineTest.java:62)
	at exchange.core2.core.FixEngineTest.testNewOrderSell(FixEngineTest.java:21)

testNewOrderBuy  Time elapsed: 0 s  <<< ERROR!
java.lang.IndexOutOfBoundsException: Index: 0, Size: 0
	at exchange.core2.core.FixEngineTest.runFixClientTest(FixEngineTest.java:62)
	at exchange.core2.core.FixEngineTest.testNewOrderBuy(FixEngineTest.java:16)

