<?xml version="1.0" encoding="UTF-8"?>
<testsuite xmlns:xsi="http://www.w3.org/2001/XMLSchema-instance" xsi:noNamespaceSchemaLocation="https://maven.apache.org/surefire/maven-surefire-plugin/xsd/surefire-test-report-3.0.xsd" version="3.0" name="exchange.core2.core.orderbook.OrderBookNaiveImplExchangeTest" time="0.357" tests="36" errors="0" skipped="0" failures="0">
  <properties>
[...]
</properties>
  <testcase name="shouldRemoveBidOrder" classname="exchange.core2.core.orderbook.OrderBookNaiveImplExchangeTest" time="0"/>
  <testcase name="shouldReturnErrorWhenDeletingOtherUserOrder" classname="exchange.core2.core.orderbook.OrderBookNaiveImplExchangeTest" time="0"/>
  <testcase name="shouldReturnErrorWhenUpdatingOtherUserOrder" classname="exchange.core2.core.orderbook.OrderBookNaiveImplExchangeTest" time="0"/>
  <testcase name="shouldRejectFokAskOrderBelowExpectation" classname="exchange.core2.core.orderbook.OrderBookNaiveImplExchangeTest" time="0"/>
  <testcase name="shouldReduceBidOrder" classname="exchange.core2.core.orderbook.OrderBookNaiveImplExchangeTest" time="0"/>
  <testcase name="shouldPartiallyMatchMarketableGtcOrderAndPlace" classname="exchange.core2.core.orderbook.OrderBookNaiveImplExchangeTest" time="0"/>
  <testcase name="shouldMoveOrderNewBucket" classname="exchange.core2.core.orderbook.OrderBookNaiveImplExchangeTest" time="0"/>
  <testcase name="shouldMatchIocOrderFullLiquidity" classname="exchange.core2.core.orderbook.OrderBookNaiveImplExchangeTest" time="0"/>
  <testcase name="shouldReturnErrorWhenUpdatingUnknownOrder" classname="exchange.core2.core.orderbook.OrderBookNaiveImplExchangeTest" time="0"/>
  <testcase name="shouldReturnErrorWhenReducingByZeroOrNegativeSize" classname="exchange.core2.core.orderbook.OrderBookNaiveImplExchangeTest" time="0"/>
  <testcase name="shouldFullyMatchMarketableGtcOrderWithAllLiquidity" classname="exchange.core2.core.orderbook.OrderBookNaiveImplExchangeTest" time="0"/>
  <testcase name="shouldMatchIocOrderFullBBO" classname="exchange.core2.core.orderbook.OrderBookNaiveImplExchangeTest" time="0"/>
  <testcase name="shouldInitializeWithoutErrors" classname="exchange.core2.core.orderbook.OrderBookNaiveImplExchangeTest" time="0"/>
  <testcase name="shouldMoveOrderMatchesAllLiquidity" classname="exchange.core2.core.orderbook.OrderBookNaiveImplExchangeTest" time="0"/>
  <testcase name="shouldReturnErrorWhenDeletingUnknownOrder" classname="exchange.core2.core.orderbook.OrderBookNaiveImplExchangeTest" time="0"/>
  <testcase name="shouldMatchIocOrderPartialBBO" classname="exchange.core2.core.orderbook.OrderBookNaiveImplExchangeTest" time="0"/>
  <testcase name="shouldIgnoredDuplicateOrder" classname="exchange.core2.core.orderbook.OrderBookNaiveImplExchangeTest" time="0"/>
  <testcase name="multipleCommandsKeepInternalStateTest" classname="exchange.core2.core.orderbook.OrderBookNaiveImplExchangeTest" time="0.353"/>
  <testcase name="shouldMatchFokAskOrderExactExpectation" classname="exchange.core2.core.orderbook.OrderBookNaiveImplExchangeTest" time="0"/>
  <testcase name="shouldAddGtcOrders" classname="exchange.core2.core.orderbook.OrderBookNaiveImplExchangeTest" time="0.001"/>
  <testcase name="shouldFullyMatchMarketableGtcOrder2Prices" classname="exchange.core2.core.orderbook.OrderBookNaiveImplExchangeTest" time="0"/>
  <testcase name="shouldMatchFokBidOrderExactBudget" classname="exchange.core2.core.orderbook.OrderBookNaiveImplExchangeTest" time="0"/>
  <testcase name="shouldRemoveAskOrder" classname="exchange.core2.core.orderbook.OrderBookNaiveImplExchangeTest" time="0"/>
  <testcase name="shouldFullyMatchMarketableGtcOrder" classname="exchange.core2.core.orderbook.OrderBookNaiveImplExchangeTest" time="0"/>
  <testcase name="shouldMatchIocOrderWithTwoLimitOrdersPartial" classname="exchange.core2.core.orderbook.OrderBookNaiveImplExchangeTest" time="0"/>
  <testcase name="shouldMoveOrderExistingBucket" classname="exchange.core2.core.orderbook.OrderBookNaiveImplExchangeTest" time="0"/>
  <testcase name="shouldMatchIocOrderWithRejection" classname="exchange.core2.core.orderbook.OrderBookNaiveImplExchangeTest" time="0"/>
  <testcase name="shouldMoveOrderFullyMatchAsMarketable2Prices" classname="exchange.core2.core.orderbook.OrderBookNaiveImplExchangeTest" time="0"/>
  <testcase name="shouldReduceAskOrder" classname="exchange.core2.core.orderbook.OrderBookNaiveImplExchangeTest" time="0"/>
  <testcase name="shouldMoveOrderFullyMatchAsMarketable" classname="exchange.core2.core.orderbook.OrderBookNaiveImplExchangeTest" time="0"/>
  <testcase name="shouldRejectFokBidOrderOutOfBudget" classname="exchange.core2.core.orderbook.OrderBookNaiveImplExchangeTest" time="0"/>
  <testcase name="shouldRemoveOrderAndEmptyBucket" classname="exchange.core2.core.orderbook.OrderBookNaiveImplExchangeTest" time="0"/>
  <testcase name="shouldMatchFokBidOrderExtraBudget" classname="exchange.core2.core.orderbook.OrderBookNaiveImplExchangeTest" time="0"/>
  <testcase name="shouldMatchFokAskOrderExtraBudget" classname="exchange.core2.core.orderbook.OrderBookNaiveImplExchangeTest" time="0.001"/>
  <testcase name="shouldReturnErrorWhenReducingOtherUserOrder" classname="exchange.core2.core.orderbook.OrderBookNaiveImplExchangeTest" time="0"/>
  <testcase name="shouldReturnErrorWhenReducingUnknownOrder" classname="exchange.core2.core.orderbook.OrderBookNaiveImplExchangeTest" time="0"/>
</testsuite>